<?xml version="1.0" encoding="UTF-8"?>
<!-- Generated by org.testng.reporters.JUnitXMLReporter -->
<testsuite ignored="0" hostname="RENUKA" failures="1" tests="5" name="Test" time="0.088" errors="0" timestamp="2025-07-20T16:33:17 IST">
  <testcase classname="testAnnotationDemo.DependSOnMethods" name="openapp" time="0.014"/>
  <testcase classname="testAnnotationDemo.DependSOnMethods" name="login" time="0.006">
    <failure type="java.lang.AssertionError" message="expected [true] but found [false]">
      <![CDATA[java.lang.AssertionError: expected [true] but found [false]
at testAnnotationDemo.DependSOnMethods.login(DependSOnMethods.java:21)
at java.base/java.util.ArrayList.forEach(ArrayList.java:1511)
... Removed 29 stack frames]]>
    </failure>
  </testcase> <!-- login -->
  <testcase classname="testAnnotationDemo.DependSOnMethods" name="search" time="0.0">
    <skipped/>
  </testcase> <!-- search -->
  <testcase classname="testAnnotationDemo.DependSOnMethods" name="advancedSearch" time="0.0">
    <skipped/>
  </testcase> <!-- advancedSearch -->
  <testcase classname="testAnnotationDemo.DependSOnMethods" name="logout" time="0.001">
    <skipped/>
  </testcase> <!-- logout -->
</testsuite> <!-- Test -->
